生成启动时间为 2017-4-1 17:12:07。
     1>项目“C:\Users\LYHua\Documents\Visual Studio 2012\Projects\DehazorOpencv\DehazorOpencv\DehazorOpencv.vcxproj”在节点 2 上(Build 个目标)。
     1>ClCompile:
         D:\ProgramFiles\WorkTools\VS2012\VC\bin\x86_amd64\CL.exe /c /Zi /nologo /W3 /WX- /Od /D WIN32 /D _DEBUG /D _CONSOLE /D _UNICODE /D UNICODE /Gm /EHsc /RTC1 /MDd /GS /fp:precise /Zc:wchar_t /Zc:forScope /Fo"x64\Debug\\" /Fd"x64\Debug\vc110.pdb" /Gd /TP /errorReport:prompt LyhDehazor.cpp
         LyhDehazor.cpp
     1>LyhDehazor.cpp : warning C4819: 该文件包含不能在当前代码页(936)中表示的字符。请将该文件保存为 Unicode 格式以防止数据丢失
     1>LyhDehazor.cpp(180): warning C4244: “=”: 从“float”转换到“unsigned char”，可能丢失数据
     1>LyhDehazor.cpp(182): warning C4244: “=”: 从“float”转换到“unsigned char”，可能丢失数据
     1>LyhDehazor.cpp(184): warning C4244: “=”: 从“float”转换到“unsigned char”，可能丢失数据
     1>LyhDehazor.cpp(713): warning C4819: 该文件包含不能在当前代码页(936)中表示的字符。请将该文件保存为 Unicode 格式以防止数据丢失
     1>LyhDehazor.cpp(515): warning C4244: “=”: 从“int”转换到“float”，可能丢失数据
                 LyhDehazor.cpp(675): 参见对正在编译的函数 模板 实例化“void LyhDehazor::MulMeanFilter<unsigned char,unsigned char,float>(T1 *,T2 *,T3 *,int,int,int)”的引用
                 with
                 [
                     T1=unsigned char,
                     T2=unsigned char,
                     T3=float
                 ]
       Link:
         D:\ProgramFiles\WorkTools\VS2012\VC\bin\x86_amd64\link.exe /ERRORREPORT:PROMPT /OUT:"C:\Users\LYHua\Documents\Visual Studio 2012\Projects\DehazorOpencv\x64\Debug\DehazorOpencv.exe" /INCREMENTAL /NOLOGO opencv_core249d.lib opencv_imgproc249d.lib opencv_highgui249d.lib opencv_ml249d.lib opencv_video249d.lib opencv_features2d249d.lib opencv_calib3d249d.lib opencv_objdetect249d.lib opencv_contrib249d.lib opencv_legacy249d.lib opencv_flann249d.lib kernel32.lib user32.lib gdi32.lib winspool.lib comdlg32.lib advapi32.lib shell32.lib ole32.lib oleaut32.lib uuid.lib odbc32.lib odbccp32.lib /MANIFEST /MANIFESTUAC:"level='asInvoker' uiAccess='false'" /manifest:embed /DEBUG /PDB:"C:\Users\LYHua\Documents\Visual Studio 2012\Projects\DehazorOpencv\x64\Debug\DehazorOpencv.pdb" /SUBSYSTEM:CONSOLE /TLBID:1 /DYNAMICBASE /NXCOMPAT /IMPLIB:"C:\Users\LYHua\Documents\Visual Studio 2012\Projects\DehazorOpencv\x64\Debug\DehazorOpencv.lib" /MACHINE:X64 x64\Debug\dehazor.obj
         x64\Debug\LyhDehazor.obj
         x64\Debug\Main.obj
         DehazorOpencv.vcxproj -> C:\Users\LYHua\Documents\Visual Studio 2012\Projects\DehazorOpencv\x64\Debug\DehazorOpencv.exe
     1>已完成生成项目“C:\Users\LYHua\Documents\Visual Studio 2012\Projects\DehazorOpencv\DehazorOpencv\DehazorOpencv.vcxproj”(Build 个目标)的操作。

生成成功。

已用时间 00:00:03.54
